E:\MINIX1.0\MINIX1.0_T\TOOLS\BUILD\BUILD\DEBUG\BUILD.EXE.EMBED.MANIFEST
E:\MINIX1.0\MINIX1.0_T\TOOLS\BUILD\BUILD\DEBUG\BUILD.EXE.EMBED.MANIFEST.RES
E:\MINIX1.0\MINIX1.0_T\TOOLS\BUILD\BUILD\DEBUG\BUILD.EXE.INTERMEDIATE.MANIFEST
E:\MINIX1.0\MINIX1.0_T\TOOLS\BUILD\BUILD\DEBUG\BUILD.OBJ
E:\Minix1.0\Minix1.0_t\Tools\build\build\Debug\build_manifest.rc
E:\Minix1.0\Minix1.0_t\Tools\build\build\Debug\cl.command.1.tlog
E:\Minix1.0\Minix1.0_t\Tools\build\build\Debug\CL.read.1.tlog
E:\Minix1.0\Minix1.0_t\Tools\build\build\Debug\CL.write.1.tlog
E:\Minix1.0\Minix1.0_t\Tools\build\build\Debug\link.1756.read.1.tlog
E:\Minix1.0\Minix1.0_t\Tools\build\build\Debug\link.1756.write.1.tlog
E:\Minix1.0\Minix1.0_t\Tools\build\build\Debug\link.1756-cvtres.read.1.tlog
E:\Minix1.0\Minix1.0_t\Tools\build\build\Debug\link.1756-cvtres.write.1.tlog
E:\Minix1.0\Minix1.0_t\Tools\build\build\Debug\link.command.1.tlog
E:\Minix1.0\Minix1.0_t\Tools\build\build\Debug\link.read.1.tlog
E:\Minix1.0\Minix1.0_t\Tools\build\build\Debug\link.write.1.tlog
E:\Minix1.0\Minix1.0_t\Tools\build\build\Debug\link-cvtres.read.1.tlog
E:\Minix1.0\Minix1.0_t\Tools\build\build\Debug\link-cvtres.write.1.tlog
E:\Minix1.0\Minix1.0_t\Tools\build\build\Debug\mt.command.1.tlog
E:\Minix1.0\Minix1.0_t\Tools\build\build\Debug\mt.read.1.tlog
E:\Minix1.0\Minix1.0_t\Tools\build\build\Debug\mt.write.1.tlog
E:\Minix1.0\Minix1.0_t\Tools\build\build\Debug\rc.command.1.tlog
E:\Minix1.0\Minix1.0_t\Tools\build\build\Debug\rc.read.1.tlog
E:\Minix1.0\Minix1.0_t\Tools\build\build\Debug\rc.write.1.tlog
E:\Minix1.0\Minix1.0_t\Tools\build\build\Debug\vc100.idb
E:\MINIX1.0\MINIX1.0_T\TOOLS\BUILD\BUILD\DEBUG\VC100.PDB
E:\MINIX1.0\MINIX1.0_T\TOOLS\BUILD\DEBUG\BUILD.EXE
E:\MINIX1.0\MINIX1.0_T\TOOLS\BUILD\DEBUG\BUILD.ILK
E:\MINIX1.0\MINIX1.0_T\TOOLS\BUILD\DEBUG\BUILD.PDB
