生成启动时间为 2015/7/17 9:11:44。
     1>项目“E:\Minix1.0\Minix1.0_t\Tools\build\build\build.vcxproj”在节点 2 上(rebuild 个目标)。
     1>_PrepareForClean:
         正在删除文件“Debug\build.lastbuildstate”。
       InitializeBuildStatus:
         正在创建“Debug\build.unsuccessfulbuild”，因为已指定“AlwaysCreate”。
       ClCompile:
         C:\Program Files (x86)\Microsoft Visual Studio 10.0\VC\bin\CL.exe /c /ZI /nologo /W3 /WX- /Od /Oy- /D WIN32 /D _DEBUG /D _CONSOLE /D _UNICODE /D UNICODE /Gm /EHsc /RTC1 /MDd /GS /fp:precise /Zc:wchar_t /Zc:forScope /Fo"Debug\\" /Fd"Debug\vc100.pdb" /Gd /TP /analyze- /errorReport:prompt build.cpp
         build.cpp
     1>e:\minix1.0\minix1.0_t\tools\build\build\build.cpp(61): warning C4996: 'fopen': This function or variable may be unsafe. Consider using fopen_s instead. To disable deprecation, use _CRT_SECURE_NO_WARNINGS. See online help for details.
                 c:\program files (x86)\microsoft visual studio 10.0\vc\include\stdio.h(234) : 参见“fopen”的声明
     1>e:\minix1.0\minix1.0_t\tools\build\build\build.cpp(84): warning C4018: “>”: 有符号/无符号不匹配
     1>e:\minix1.0\minix1.0_t\tools\build\build\build.cpp(94): warning C4996: 'fopen': This function or variable may be unsafe. Consider using fopen_s instead. To disable deprecation, use _CRT_SECURE_NO_WARNINGS. See online help for details.
                 c:\program files (x86)\microsoft visual studio 10.0\vc\include\stdio.h(234) : 参见“fopen”的声明
     1>e:\minix1.0\minix1.0_t\tools\build\build\build.cpp(126): warning C4018: “>”: 有符号/无符号不匹配
       ManifestResourceCompile:
         C:\Program Files (x86)\Microsoft SDKs\Windows\v7.0A\bin\rc.exe /nologo /fo"Debug\build.exe.embed.manifest.res" Debug\build_manifest.rc 
       Link:
         C:\Program Files (x86)\Microsoft Visual Studio 10.0\VC\bin\link.exe /ERRORREPORT:PROMPT /OUT:"E:\Minix1.0\Minix1.0_t\Tools\build\Debug\build.exe" /INCREMENTAL /NOLOGO kernel32.lib user32.lib gdi32.lib winspool.lib comdlg32.lib advapi32.lib shell32.lib ole32.lib oleaut32.lib uuid.lib odbc32.lib odbccp32.lib /MANIFEST /ManifestFile:"Debug\build.exe.intermediate.manifest" /MANIFESTUAC:"level='asInvoker' uiAccess='false'" /DEBUG /PDB:"E:\Minix1.0\Minix1.0_t\Tools\build\Debug\build.pdb" /SUBSYSTEM:CONSOLE /TLBID:1 /DYNAMICBASE /NXCOMPAT /IMPLIB:"E:\Minix1.0\Minix1.0_t\Tools\build\Debug\build.lib" /MACHINE:X86 Debug\build.exe.embed.manifest.res
         Debug\build.obj
       Manifest:
         正在删除文件“Debug\build.exe.embed.manifest”。
         C:\Program Files (x86)\Microsoft SDKs\Windows\v7.0A\bin\mt.exe /nologo /verbose /out:"Debug\build.exe.embed.manifest" /manifest Debug\build.exe.intermediate.manifest
         C:\Program Files (x86)\Microsoft SDKs\Windows\v7.0A\bin\rc.exe /nologo /fo"Debug\build.exe.embed.manifest.res" Debug\build_manifest.rc 
       LinkEmbedManifest:
         C:\Program Files (x86)\Microsoft Visual Studio 10.0\VC\bin\link.exe /ERRORREPORT:PROMPT /OUT:"E:\Minix1.0\Minix1.0_t\Tools\build\Debug\build.exe" /INCREMENTAL /NOLOGO kernel32.lib user32.lib gdi32.lib winspool.lib comdlg32.lib advapi32.lib shell32.lib ole32.lib oleaut32.lib uuid.lib odbc32.lib odbccp32.lib /MANIFEST /ManifestFile:"Debug\build.exe.intermediate.manifest" /MANIFESTUAC:"level='asInvoker' uiAccess='false'" /DEBUG /PDB:"E:\Minix1.0\Minix1.0_t\Tools\build\Debug\build.pdb" /SUBSYSTEM:CONSOLE /TLBID:1 /DYNAMICBASE /NXCOMPAT /IMPLIB:"E:\Minix1.0\Minix1.0_t\Tools\build\Debug\build.lib" /MACHINE:X86 Debug\build.exe.embed.manifest.res
         Debug\build.obj
         build.vcxproj -> E:\Minix1.0\Minix1.0_t\Tools\build\Debug\build.exe
       FinalizeBuildStatus:
         正在删除文件“Debug\build.unsuccessfulbuild”。
         正在对“Debug\build.lastbuildstate”执行 Touch 任务。
     1>已完成生成项目“E:\Minix1.0\Minix1.0_t\Tools\build\build\build.vcxproj”(rebuild 个目标)的操作。

生成成功。

已用时间 00:00:03.56
