E:\FILERW_V01\FILERW_V01\DEBUG\FILERW_V01.EXE
E:\FILERW_V01\FILERW_V01\DEBUG\FILERW_V01.ILK
E:\FILERW_V01\FILERW_V01\DEBUG\FILERW_V01.PDB
E:\FileRW_v01\FileRW_v01\FileRW_v01\Debug\cl.command.1.tlog
E:\FileRW_v01\FileRW_v01\FileRW_v01\Debug\CL.read.1.tlog
E:\FileRW_v01\FileRW_v01\FileRW_v01\Debug\CL.write.1.tlog
E:\FILERW_V01\FILERW_V01\FILERW_V01\DEBUG\FILERW_V01.EXE.EMBED.MANIFEST
E:\FILERW_V01\FILERW_V01\FILERW_V01\DEBUG\FILERW_V01.EXE.EMBED.MANIFEST.RES
E:\FILERW_V01\FILERW_V01\FILERW_V01\DEBUG\FILERW_V01.EXE.INTERMEDIATE.MANIFEST
E:\FILERW_V01\FILERW_V01\FILERW_V01\DEBUG\FILERW_V01.OBJ
E:\FILERW_V01\FILERW_V01\FILERW_V01\DEBUG\FILERW_V01.PCH
E:\FileRW_v01\FileRW_v01\FileRW_v01\Debug\FileRW_v01_manifest.rc
E:\FileRW_v01\FileRW_v01\FileRW_v01\Debug\link.7032.read.1.tlog
E:\FileRW_v01\FileRW_v01\FileRW_v01\Debug\link.7032.write.1.tlog
E:\FileRW_v01\FileRW_v01\FileRW_v01\Debug\link.7032-cvtres.read.1.tlog
E:\FileRW_v01\FileRW_v01\FileRW_v01\Debug\link.7032-cvtres.write.1.tlog
E:\FileRW_v01\FileRW_v01\FileRW_v01\Debug\link.command.1.tlog
E:\FileRW_v01\FileRW_v01\FileRW_v01\Debug\link.read.1.tlog
E:\FileRW_v01\FileRW_v01\FileRW_v01\Debug\link.write.1.tlog
E:\FileRW_v01\FileRW_v01\FileRW_v01\Debug\link-cvtres.read.1.tlog
E:\FileRW_v01\FileRW_v01\FileRW_v01\Debug\link-cvtres.write.1.tlog
E:\FileRW_v01\FileRW_v01\FileRW_v01\Debug\mt.command.1.tlog
E:\FileRW_v01\FileRW_v01\FileRW_v01\Debug\mt.read.1.tlog
E:\FileRW_v01\FileRW_v01\FileRW_v01\Debug\mt.write.1.tlog
E:\FileRW_v01\FileRW_v01\FileRW_v01\Debug\rc.command.1.tlog
E:\FileRW_v01\FileRW_v01\FileRW_v01\Debug\rc.read.1.tlog
E:\FileRW_v01\FileRW_v01\FileRW_v01\Debug\rc.write.1.tlog
E:\FILERW_V01\FILERW_V01\FILERW_V01\DEBUG\STDAFX.OBJ
E:\FileRW_v01\FileRW_v01\FileRW_v01\Debug\vc100.idb
E:\FILERW_V01\FILERW_V01\FILERW_V01\DEBUG\VC100.PDB
